<?xml version="1.0" encoding="UTF-8"?>
<!-- Generated by org.testng.reporters.JUnitReportReporter -->
<testsuite hostname="DESKTOP-G0DII7M" failures="0" tests="3" name="libraryapi.DynamicJson" time="6.413" errors="0" timestamp="2022-07-03T11:11:40 IST" skipped="0">
  <testcase classname="libraryapi.DynamicJson" name="addBook" time="0.530"/>
  <system-out/>
  <testcase classname="libraryapi.DynamicJson" name="addBook" time="0.528"/>
  <system-out/>
  <testcase classname="libraryapi.DynamicJson" name="addBook" time="5.355"/>
  <system-out/>
</testsuite> <!-- libraryapi.DynamicJson -->
